<?xml version="1.0" encoding="UTF-8"?>
<testsuites name="DDT_01" time="42.236" tests="1" failures="0" errors="0">
   <testsuite name="DDT_01" tests="1" failures="0" errors="0" time="42.236" skipped="0" timestamp="30-01-2024T22:52:08" hostname="Asus - LAPTOP-G7D8UMCK" id="Test Suites/Test_suit_01/DDT_01">
      <properties>
         <property name="deviceName" value=""/>
         <property name="devicePlatform" value=""/>
         <property name="logFolder" value="C:\\Users\\Asus\\Katalon Studio\\PROJECT ON ORANGE HRM\\Reports\\20240130_225152\\Test_suit_01\\DDT_01\\20240130_225154"/>
         <property name="logFiles" value="C:\\Users\\Asus\\Katalon Studio\\PROJECT ON ORANGE HRM\\Reports\\20240130_225152\\Test_suit_01\\DDT_01\\20240130_225154\\execution0.log"/>
         <property name="attachments" value=""/>
         <property name="hostName" value="Asus - LAPTOP-G7D8UMCK"/>
         <property name="os" value="Windows 11 64bit"/>
         <property name="katalonVersion" value="9.2.0.212"/>
         <property name="browser" value="Chrome 120.0.0.0"/>
         <property name="hostAddress" value="192.168.42.16"/>
         <property name="sessionId" value="4b267095dfab3917319e53637d0a8a86"/>
         <property name="seleniumVersion" value="3.141.59"/>
         <property name="proxyInformation" value="ProxyInformation { proxyOption=NO_PROXY, proxyServerType=HTTP, username=, password=********, proxyServerAddress=, proxyServerPort=0, executionList=&quot;&quot;, isApplyToDesiredCapabilities=true }"/>
         <property name="platform" value="Windows 11"/>
      </properties>
      <testcase name="Test Cases/DDT_ORANGE_HRM_01/TC_validate_admin" time="41.717" classname="Test Cases/DDT_ORANGE_HRM_01/TC_validate_admin" status="PASSED">
         <system-out><![CDATA[30-01-2024T22:52:09 - [TEST_CASE][PASSED] - Test Cases/DDT_ORANGE_HRM_01/TC_validate_admin: Test Cases/DDT_ORANGE_HRM_01/TC_validate_admin

30-01-2024T22:52:10 - [TEST_STEP][PASSED] - openBrowser(""): Browser is opened with url: ''

30-01-2024T22:52:11 - [MESSAGE][INFO] - Starting 'Chrome' driver

30-01-2024T22:52:11 - [MESSAGE][INFO] - Action delay is set to 0 milliseconds

30-01-2024T22:52:20 - [MESSAGE][PASSED] - Browser is opened with url: ''

30-01-2024T22:52:20 - [TEST_STEP][PASSED] - navigateToUrl("https://opensource-demo.orangehrmlive.com/web/index.php/auth/login"): Navigate to 'https://opensource-demo.orangehrmlive.com/web/index.php/auth/login' successfully

30-01-2024T22:52:37 - [MESSAGE][PASSED] - Navigate to 'https://opensource-demo.orangehrmlive.com/web/index.php/auth/login' successfully

30-01-2024T22:52:37 - [TEST_STEP][PASSED] - maximizeWindow(): Current window maximized

30-01-2024T22:52:37 - [MESSAGE][PASSED] - Current window maximized

30-01-2024T22:52:37 - [TEST_STEP][PASSED] - setText(findTestObject("login_page_OR/Page_OrangeHRM/input_username"), "Admin"): Text 'Admin' is set on object 'Object Repository/login_page_OR/Page_OrangeHRM/input_username'

30-01-2024T22:52:40 - [MESSAGE][PASSED] - Text 'Admin' is set on object 'Object Repository/login_page_OR/Page_OrangeHRM/input_username'

30-01-2024T22:52:40 - [TEST_STEP][PASSED] - setText(findTestObject("login_page_OR/Page_OrangeHRM/input_password"), "admin123"): Text 'admin123' is set on object 'Object Repository/login_page_OR/Page_OrangeHRM/input_password'

30-01-2024T22:52:41 - [MESSAGE][PASSED] - Text 'admin123' is set on object 'Object Repository/login_page_OR/Page_OrangeHRM/input_password'

30-01-2024T22:52:41 - [TEST_STEP][PASSED] - click(findTestObject("login_page_OR/Page_OrangeHRM/button_Login")): Object: 'Object Repository/login_page_OR/Page_OrangeHRM/button_Login' is clicked on

30-01-2024T22:52:43 - [MESSAGE][PASSED] - Object: 'Object Repository/login_page_OR/Page_OrangeHRM/button_Login' is clicked on

30-01-2024T22:52:43 - [TEST_STEP][PASSED] - click(findTestObject("admin_panal_OR/Page_OrangeHRM/span_Admin")): Object: 'Object Repository/admin_panal_OR/Page_OrangeHRM/span_Admin' is clicked on

30-01-2024T22:52:46 - [MESSAGE][PASSED] - Object: 'Object Repository/admin_panal_OR/Page_OrangeHRM/span_Admin' is clicked on

30-01-2024T22:52:46 - [TEST_STEP][PASSED] - setText(findTestObject("admin_panal_OR/Page_OrangeHRM/input_Username_oxd-input oxd-input--active"), "kumar"): Text 'kumar' is set on object 'Object Repository/admin_panal_OR/Page_OrangeHRM/input_Username_oxd-input oxd-input--active'

30-01-2024T22:52:48 - [MESSAGE][PASSED] - Text 'kumar' is set on object 'Object Repository/admin_panal_OR/Page_OrangeHRM/input_Username_oxd-input oxd-input--active'

30-01-2024T22:52:48 - [TEST_STEP][PASSED] - click(findTestObject("admin_panal_OR/Page_OrangeHRM/i_-- Select --_oxd-icon bi-caret-down-fill oxd-select-text--arrow")): Object: 'Object Repository/admin_panal_OR/Page_OrangeHRM/i_-- Select --_oxd-icon bi-caret-down-fill oxd-select-text--arrow' is clicked on

30-01-2024T22:52:48 - [MESSAGE][PASSED] - Object: 'Object Repository/admin_panal_OR/Page_OrangeHRM/i_-- Select --_oxd-icon bi-caret-down-fill oxd-select-text--arrow' is clicked on

30-01-2024T22:52:48 - [TEST_STEP][PASSED] - click(findTestObject("admin_panal_OR/Page_OrangeHRM/span_ESS")): Object: 'Object Repository/admin_panal_OR/Page_OrangeHRM/span_ESS' is clicked on

30-01-2024T22:52:49 - [MESSAGE][PASSED] - Object: 'Object Repository/admin_panal_OR/Page_OrangeHRM/span_ESS' is clicked on

30-01-2024T22:52:49 - [TEST_STEP][PASSED] - setText(findTestObject("admin_panal_OR/Page_OrangeHRM/input"), "chavan"): Text 'chavan' is set on object 'Object Repository/admin_panal_OR/Page_OrangeHRM/input'

30-01-2024T22:52:49 - [MESSAGE][PASSED] - Text 'chavan' is set on object 'Object Repository/admin_panal_OR/Page_OrangeHRM/input'

30-01-2024T22:52:49 - [TEST_STEP][PASSED] - click(findTestObject("admin_panal_OR/Page_OrangeHRM/button_Search")): Object: 'Object Repository/admin_panal_OR/Page_OrangeHRM/button_Search' is clicked on

30-01-2024T22:52:50 - [MESSAGE][PASSED] - Object: 'Object Repository/admin_panal_OR/Page_OrangeHRM/button_Search' is clicked on

30-01-2024T22:52:50 - [TEST_STEP][PASSED] - closeBrowser(): Browser is closed

30-01-2024T22:52:50 - [MESSAGE][PASSED] - Browser is closed]]></system-out>
         <system-err><![CDATA[]]></system-err>
      </testcase>
      <system-out><![CDATA[30-01-2024T22:52:08 - [TEST_SUITE][PASSED] - DDT_01: Test Cases/DDT_ORANGE_HRM_01/TC_validate_admin]]></system-out>
      <system-err><![CDATA[]]></system-err>
   </testsuite>
</testsuites>
