<?xml version="1.0" encoding="UTF-8"?>
<testsuites name="DDT_02" time="34.234" tests="1" failures="0" errors="0">
   <testsuite name="DDT_02" tests="1" failures="0" errors="0" time="34.234" skipped="0" timestamp="30-01-2024T22:52:12" hostname="Asus - LAPTOP-G7D8UMCK" id="Test Suites/Test_suit_02/DDT_02">
      <properties>
         <property name="deviceName" value=""/>
         <property name="devicePlatform" value=""/>
         <property name="logFolder" value="C:\\Users\\Asus\\Katalon Studio\\PROJECT ON ORANGE HRM\\Reports\\20240130_225152\\Test_suit_02\\DDT_02\\20240130_225156"/>
         <property name="logFiles" value="C:\\Users\\Asus\\Katalon Studio\\PROJECT ON ORANGE HRM\\Reports\\20240130_225152\\Test_suit_02\\DDT_02\\20240130_225156\\execution0.log"/>
         <property name="attachments" value=""/>
         <property name="hostName" value="Asus - LAPTOP-G7D8UMCK"/>
         <property name="os" value="Windows 11 64bit"/>
         <property name="katalonVersion" value="9.2.0.212"/>
         <property name="browser" value="Chrome 120.0.0.0"/>
         <property name="hostAddress" value="192.168.42.16"/>
         <property name="sessionId" value="8bce0be54bde9fc199427b91feaa9ca5"/>
         <property name="seleniumVersion" value="3.141.59"/>
         <property name="proxyInformation" value="ProxyInformation { proxyOption=NO_PROXY, proxyServerType=HTTP, username=, password=********, proxyServerAddress=, proxyServerPort=0, executionList=&quot;&quot;, isApplyToDesiredCapabilities=true }"/>
         <property name="platform" value="Windows 11"/>
      </properties>
      <testcase name="Test Cases/DDT_ORANGE_HRM_02/TC_validate_PIM" time="32.97" classname="Test Cases/DDT_ORANGE_HRM_02/TC_validate_PIM" status="PASSED">
         <system-out><![CDATA[30-01-2024T22:52:13 - [TEST_CASE][PASSED] - Test Cases/DDT_ORANGE_HRM_02/TC_validate_PIM: Test Cases/DDT_ORANGE_HRM_02/TC_validate_PIM

30-01-2024T22:52:14 - [TEST_STEP][PASSED] - openBrowser(""): Browser is opened with url: ''

30-01-2024T22:52:15 - [MESSAGE][INFO] - Starting 'Chrome' driver

30-01-2024T22:52:15 - [MESSAGE][INFO] - Action delay is set to 0 milliseconds

30-01-2024T22:52:23 - [MESSAGE][PASSED] - Browser is opened with url: ''

30-01-2024T22:52:23 - [TEST_STEP][PASSED] - navigateToUrl("https://opensource-demo.orangehrmlive.com/web/index.php/auth/login"): Navigate to 'https://opensource-demo.orangehrmlive.com/web/index.php/auth/login' successfully

30-01-2024T22:52:32 - [MESSAGE][PASSED] - Navigate to 'https://opensource-demo.orangehrmlive.com/web/index.php/auth/login' successfully

30-01-2024T22:52:32 - [TEST_STEP][PASSED] - maximizeWindow(): Current window maximized

30-01-2024T22:52:33 - [MESSAGE][PASSED] - Current window maximized

30-01-2024T22:52:33 - [TEST_STEP][PASSED] - setText(findTestObject("login_page_OR/Page_OrangeHRM/input_username"), "Admin"): Text 'Admin' is set on object 'Object Repository/login_page_OR/Page_OrangeHRM/input_username'

30-01-2024T22:52:34 - [MESSAGE][PASSED] - Text 'Admin' is set on object 'Object Repository/login_page_OR/Page_OrangeHRM/input_username'

30-01-2024T22:52:34 - [TEST_STEP][PASSED] - setText(findTestObject("login_page_OR/Page_OrangeHRM/input_password"), "admin123"): Text 'admin123' is set on object 'Object Repository/login_page_OR/Page_OrangeHRM/input_password'

30-01-2024T22:52:35 - [MESSAGE][PASSED] - Text 'admin123' is set on object 'Object Repository/login_page_OR/Page_OrangeHRM/input_password'

30-01-2024T22:52:35 - [TEST_STEP][PASSED] - click(findTestObject("login_page_OR/Page_OrangeHRM/button_Login")): Object: 'Object Repository/login_page_OR/Page_OrangeHRM/button_Login' is clicked on

30-01-2024T22:52:35 - [MESSAGE][PASSED] - Object: 'Object Repository/login_page_OR/Page_OrangeHRM/button_Login' is clicked on

30-01-2024T22:52:35 - [TEST_STEP][PASSED] - click(findTestObject("PIM_panal_OR/Page_OrangeHRM/span_PIM")): Object: 'Object Repository/PIM_panal_OR/Page_OrangeHRM/span_PIM' is clicked on

30-01-2024T22:52:41 - [MESSAGE][PASSED] - Object: 'Object Repository/PIM_panal_OR/Page_OrangeHRM/span_PIM' is clicked on

30-01-2024T22:52:41 - [TEST_STEP][PASSED] - setText(findTestObject("PIM_panal_OR/Page_OrangeHRM/input"), "kumar"): Text 'kumar' is set on object 'Object Repository/PIM_panal_OR/Page_OrangeHRM/input'

30-01-2024T22:52:43 - [MESSAGE][PASSED] - Text 'kumar' is set on object 'Object Repository/PIM_panal_OR/Page_OrangeHRM/input'

30-01-2024T22:52:43 - [TEST_STEP][PASSED] - setText(findTestObject("PIM_panal_OR/Page_OrangeHRM/input_Employee Id_oxd-input oxd-input--active"), "123"): Text '123' is set on object 'Object Repository/PIM_panal_OR/Page_OrangeHRM/input_Employee Id_oxd-input oxd-input--active'

30-01-2024T22:52:44 - [MESSAGE][PASSED] - Text '123' is set on object 'Object Repository/PIM_panal_OR/Page_OrangeHRM/input_Employee Id_oxd-input oxd-input--active'

30-01-2024T22:52:44 - [TEST_STEP][PASSED] - click(findTestObject("PIM_panal_OR/Page_OrangeHRM/i_-- Select --_oxd-icon bi-caret-down-fill oxd-select-text--arrow")): Object: 'Object Repository/PIM_panal_OR/Page_OrangeHRM/i_-- Select --_oxd-icon bi-caret-down-fill oxd-select-text--arrow' is clicked on

30-01-2024T22:52:44 - [MESSAGE][PASSED] - Object: 'Object Repository/PIM_panal_OR/Page_OrangeHRM/i_-- Select --_oxd-icon bi-caret-down-fill oxd-select-text--arrow' is clicked on

30-01-2024T22:52:44 - [TEST_STEP][PASSED] - click(findTestObject("PIM_panal_OR/Page_OrangeHRM/div_Full-Time Contract")): Object: 'Object Repository/PIM_panal_OR/Page_OrangeHRM/div_Full-Time Contract' is clicked on

30-01-2024T22:52:45 - [MESSAGE][PASSED] - Object: 'Object Repository/PIM_panal_OR/Page_OrangeHRM/div_Full-Time Contract' is clicked on

30-01-2024T22:52:45 - [TEST_STEP][PASSED] - click(findTestObject("PIM_panal_OR/Page_OrangeHRM/button_Search")): Object: 'Object Repository/PIM_panal_OR/Page_OrangeHRM/button_Search' is clicked on

30-01-2024T22:52:45 - [MESSAGE][PASSED] - Object: 'Object Repository/PIM_panal_OR/Page_OrangeHRM/button_Search' is clicked on

30-01-2024T22:52:45 - [TEST_STEP][PASSED] - closeBrowser(): Browser is closed

30-01-2024T22:52:46 - [MESSAGE][PASSED] - Browser is closed]]></system-out>
         <system-err><![CDATA[]]></system-err>
      </testcase>
      <system-out><![CDATA[30-01-2024T22:52:12 - [TEST_SUITE][PASSED] - DDT_02: Test Cases/DDT_ORANGE_HRM_02/TC_validate_PIM]]></system-out>
      <system-err><![CDATA[]]></system-err>
   </testsuite>
</testsuites>
