<?xml version="1.0" encoding="UTF-8"?>
<testsuites name="DDT_03" time="37.821" tests="1" failures="0" errors="0">
   <testsuite name="DDT_03" tests="1" failures="0" errors="0" time="37.821" skipped="0" timestamp="30-01-2024T22:52:13" hostname="Asus - LAPTOP-G7D8UMCK" id="Test Suites/Test_suit_03/DDT_03">
      <properties>
         <property name="deviceName" value=""/>
         <property name="devicePlatform" value=""/>
         <property name="logFolder" value="C:\\Users\\Asus\\Katalon Studio\\PROJECT ON ORANGE HRM\\Reports\\20240130_225152\\Test_suit_03\\DDT_03\\20240130_225158"/>
         <property name="logFiles" value="C:\\Users\\Asus\\Katalon Studio\\PROJECT ON ORANGE HRM\\Reports\\20240130_225152\\Test_suit_03\\DDT_03\\20240130_225158\\execution0.log"/>
         <property name="attachments" value=""/>
         <property name="hostName" value="Asus - LAPTOP-G7D8UMCK"/>
         <property name="os" value="Windows 11 64bit"/>
         <property name="katalonVersion" value="9.2.0.212"/>
         <property name="browser" value="Chrome 120.0.0.0"/>
         <property name="hostAddress" value="192.168.42.16"/>
         <property name="sessionId" value="bde586b05a60a63564ac7ba7e4b12acb"/>
         <property name="seleniumVersion" value="3.141.59"/>
         <property name="proxyInformation" value="ProxyInformation { proxyOption=NO_PROXY, proxyServerType=HTTP, username=, password=********, proxyServerAddress=, proxyServerPort=0, executionList=&quot;&quot;, isApplyToDesiredCapabilities=true }"/>
         <property name="platform" value="Windows 11"/>
      </properties>
      <testcase name="Test Cases/DDT_ORANGE_HRM_03/TC_validate_Recruitment" time="37.268" classname="Test Cases/DDT_ORANGE_HRM_03/TC_validate_Recruitment" status="PASSED">
         <system-out><![CDATA[30-01-2024T22:52:14 - [TEST_CASE][PASSED] - Test Cases/DDT_ORANGE_HRM_03/TC_validate_Recruitment: Test Cases/DDT_ORANGE_HRM_03/TC_validate_Recruitment

30-01-2024T22:52:15 - [TEST_STEP][PASSED] - openBrowser(""): Browser is opened with url: ''

30-01-2024T22:52:15 - [MESSAGE][INFO] - Starting 'Chrome' driver

30-01-2024T22:52:16 - [MESSAGE][INFO] - Action delay is set to 0 milliseconds

30-01-2024T22:52:23 - [MESSAGE][PASSED] - Browser is opened with url: ''

30-01-2024T22:52:23 - [TEST_STEP][PASSED] - navigateToUrl("https://opensource-demo.orangehrmlive.com/web/index.php/auth/login"): Navigate to 'https://opensource-demo.orangehrmlive.com/web/index.php/auth/login' successfully

30-01-2024T22:52:34 - [MESSAGE][PASSED] - Navigate to 'https://opensource-demo.orangehrmlive.com/web/index.php/auth/login' successfully

30-01-2024T22:52:34 - [TEST_STEP][PASSED] - maximizeWindow(): Current window maximized

30-01-2024T22:52:34 - [MESSAGE][PASSED] - Current window maximized

30-01-2024T22:52:34 - [TEST_STEP][PASSED] - setText(findTestObject("login_page_OR/Page_OrangeHRM/input_username"), "Admin"): Text 'Admin' is set on object 'Object Repository/login_page_OR/Page_OrangeHRM/input_username'

30-01-2024T22:52:36 - [MESSAGE][PASSED] - Text 'Admin' is set on object 'Object Repository/login_page_OR/Page_OrangeHRM/input_username'

30-01-2024T22:52:36 - [TEST_STEP][PASSED] - setText(findTestObject("login_page_OR/Page_OrangeHRM/input_password"), "admin123"): Text 'admin123' is set on object 'Object Repository/login_page_OR/Page_OrangeHRM/input_password'

30-01-2024T22:52:36 - [MESSAGE][PASSED] - Text 'admin123' is set on object 'Object Repository/login_page_OR/Page_OrangeHRM/input_password'

30-01-2024T22:52:36 - [TEST_STEP][PASSED] - click(findTestObject("login_page_OR/Page_OrangeHRM/button_Login")): Object: 'Object Repository/login_page_OR/Page_OrangeHRM/button_Login' is clicked on

30-01-2024T22:52:39 - [MESSAGE][PASSED] - Object: 'Object Repository/login_page_OR/Page_OrangeHRM/button_Login' is clicked on

30-01-2024T22:52:39 - [TEST_STEP][PASSED] - click(findTestObject("recruitment_panal_OR/Page_OrangeHRM/span_Recruitment")): Object: 'Object Repository/recruitment_panal_OR/Page_OrangeHRM/span_Recruitment' is clicked on

30-01-2024T22:52:42 - [MESSAGE][PASSED] - Object: 'Object Repository/recruitment_panal_OR/Page_OrangeHRM/span_Recruitment' is clicked on

30-01-2024T22:52:42 - [TEST_STEP][PASSED] - click(findTestObject("recruitment_panal_OR/Page_OrangeHRM/button_Add")): Object: 'Object Repository/recruitment_panal_OR/Page_OrangeHRM/button_Add' is clicked on

30-01-2024T22:52:45 - [MESSAGE][PASSED] - Object: 'Object Repository/recruitment_panal_OR/Page_OrangeHRM/button_Add' is clicked on

30-01-2024T22:52:45 - [TEST_STEP][PASSED] - setText(findTestObject("recruitment_panal_OR/Page_OrangeHRM/input_Full Name_firstName"), "kumar"): Text 'kumar' is set on object 'Object Repository/recruitment_panal_OR/Page_OrangeHRM/input_Full Name_firstName'

30-01-2024T22:52:46 - [MESSAGE][PASSED] - Text 'kumar' is set on object 'Object Repository/recruitment_panal_OR/Page_OrangeHRM/input_Full Name_firstName'

30-01-2024T22:52:46 - [TEST_STEP][PASSED] - setText(findTestObject("recruitment_panal_OR/Page_OrangeHRM/input_Full Name_middleName"), "pranav"): Text 'pranav' is set on object 'Object Repository/recruitment_panal_OR/Page_OrangeHRM/input_Full Name_middleName'

30-01-2024T22:52:47 - [MESSAGE][PASSED] - Text 'pranav' is set on object 'Object Repository/recruitment_panal_OR/Page_OrangeHRM/input_Full Name_middleName'

30-01-2024T22:52:47 - [TEST_STEP][PASSED] - setText(findTestObject("recruitment_panal_OR/Page_OrangeHRM/input_Full Name_lastName"), "chavan"): Text 'chavan' is set on object 'Object Repository/recruitment_panal_OR/Page_OrangeHRM/input_Full Name_lastName'

30-01-2024T22:52:48 - [MESSAGE][PASSED] - Text 'chavan' is set on object 'Object Repository/recruitment_panal_OR/Page_OrangeHRM/input_Full Name_lastName'

30-01-2024T22:52:48 - [TEST_STEP][PASSED] - click(findTestObject("recruitment_panal_OR/Page_OrangeHRM/i_-- Select --_oxd-icon bi-caret-down-fill oxd-select-text--arrow")): Object: 'Object Repository/recruitment_panal_OR/Page_OrangeHRM/i_-- Select --_oxd-icon bi-caret-down-fill oxd-select-text--arrow' is clicked on

30-01-2024T22:52:48 - [MESSAGE][PASSED] - Object: 'Object Repository/recruitment_panal_OR/Page_OrangeHRM/i_-- Select --_oxd-icon bi-caret-down-fill oxd-select-text--arrow' is clicked on

30-01-2024T22:52:48 - [TEST_STEP][PASSED] - click(findTestObject("recruitment_panal_OR/Page_OrangeHRM/span_Associate IT Manager")): Object: 'Object Repository/recruitment_panal_OR/Page_OrangeHRM/span_Associate IT Manager' is clicked on

30-01-2024T22:52:48 - [MESSAGE][PASSED] - Object: 'Object Repository/recruitment_panal_OR/Page_OrangeHRM/span_Associate IT Manager' is clicked on

30-01-2024T22:52:48 - [TEST_STEP][PASSED] - setText(findTestObject("recruitment_panal_OR/Page_OrangeHRM/input_Email_oxd-input oxd-input--focus oxd-input--error"), "k@gmail.com"): Text 'k@gmail.com' is set on object 'Object Repository/recruitment_panal_OR/Page_OrangeHRM/input_Email_oxd-input oxd-input--focus oxd-input--error'

30-01-2024T22:52:49 - [MESSAGE][PASSED] - Text 'k@gmail.com' is set on object 'Object Repository/recruitment_panal_OR/Page_OrangeHRM/input_Email_oxd-input oxd-input--focus oxd-input--error'

30-01-2024T22:52:49 - [TEST_STEP][PASSED] - setText(findTestObject("recruitment_panal_OR/Page_OrangeHRM/input_Contact Number_oxd-input oxd-input--active"), "8956235785"): Text '8956235785' is set on object 'Object Repository/recruitment_panal_OR/Page_OrangeHRM/input_Contact Number_oxd-input oxd-input--active'

30-01-2024T22:52:50 - [MESSAGE][PASSED] - Text '8956235785' is set on object 'Object Repository/recruitment_panal_OR/Page_OrangeHRM/input_Contact Number_oxd-input oxd-input--active'

30-01-2024T22:52:50 - [TEST_STEP][PASSED] - click(findTestObject("recruitment_panal_OR/Page_OrangeHRM/button_Save")): Object: 'Object Repository/recruitment_panal_OR/Page_OrangeHRM/button_Save' is clicked on

30-01-2024T22:52:51 - [MESSAGE][PASSED] - Object: 'Object Repository/recruitment_panal_OR/Page_OrangeHRM/button_Save' is clicked on

30-01-2024T22:52:51 - [TEST_STEP][PASSED] - closeBrowser(): Browser is closed

30-01-2024T22:52:51 - [MESSAGE][PASSED] - Browser is closed]]></system-out>
         <system-err><![CDATA[]]></system-err>
      </testcase>
      <system-out><![CDATA[30-01-2024T22:52:13 - [TEST_SUITE][PASSED] - DDT_03: Test Cases/DDT_ORANGE_HRM_03/TC_validate_Recruitment]]></system-out>
      <system-err><![CDATA[]]></system-err>
   </testsuite>
</testsuites>
