<?xml version="1.0" encoding="UTF-8"?>
<testsuites name="DDT_04" time="20.805" tests="1" failures="0" errors="0">
   <testsuite name="DDT_04" tests="1" failures="0" errors="0" time="20.805" skipped="0" timestamp="30-01-2024T22:52:20" hostname="Asus - LAPTOP-G7D8UMCK" id="Test Suites/Test_suit_04/DDT_04">
      <properties>
         <property name="deviceName" value=""/>
         <property name="devicePlatform" value=""/>
         <property name="logFolder" value="C:\\Users\\Asus\\Katalon Studio\\PROJECT ON ORANGE HRM\\Reports\\20240130_225152\\Test_suit_04\\DDT_04\\20240130_225200"/>
         <property name="logFiles" value="C:\\Users\\Asus\\Katalon Studio\\PROJECT ON ORANGE HRM\\Reports\\20240130_225152\\Test_suit_04\\DDT_04\\20240130_225200\\execution0.log"/>
         <property name="attachments" value=""/>
         <property name="hostName" value="Asus - LAPTOP-G7D8UMCK"/>
         <property name="os" value="Windows 11 64bit"/>
         <property name="katalonVersion" value="9.2.0.212"/>
         <property name="browser" value="Chrome 120.0.0.0"/>
         <property name="hostAddress" value="192.168.42.16"/>
         <property name="sessionId" value="727cf30e1d8a1af98010b1103cc8f34b"/>
         <property name="seleniumVersion" value="3.141.59"/>
         <property name="proxyInformation" value="ProxyInformation { proxyOption=NO_PROXY, proxyServerType=HTTP, username=, password=********, proxyServerAddress=, proxyServerPort=0, executionList=&quot;&quot;, isApplyToDesiredCapabilities=true }"/>
         <property name="platform" value="Windows 11"/>
      </properties>
      <testcase name="Test Cases/TC_ORANGE_HRM_LOGIN_PAGE/TC_validate_login_page" time="20.036" classname="Test Cases/TC_ORANGE_HRM_LOGIN_PAGE/TC_validate_login_page" status="PASSED">
         <system-out><![CDATA[30-01-2024T22:52:21 - [TEST_CASE][PASSED] - Test Cases/TC_ORANGE_HRM_LOGIN_PAGE/TC_validate_login_page: Test Cases/TC_ORANGE_HRM_LOGIN_PAGE/TC_validate_login_page

30-01-2024T22:52:22 - [TEST_STEP][PASSED] - openBrowser(""): Browser is opened with url: ''

30-01-2024T22:52:23 - [MESSAGE][INFO] - Starting 'Chrome' driver

30-01-2024T22:52:23 - [MESSAGE][INFO] - Action delay is set to 0 milliseconds

30-01-2024T22:52:26 - [MESSAGE][PASSED] - Browser is opened with url: ''

30-01-2024T22:52:26 - [TEST_STEP][PASSED] - navigateToUrl("https://opensource-demo.orangehrmlive.com/web/index.php/auth/login"): Navigate to 'https://opensource-demo.orangehrmlive.com/web/index.php/auth/login' successfully

30-01-2024T22:52:35 - [MESSAGE][PASSED] - Navigate to 'https://opensource-demo.orangehrmlive.com/web/index.php/auth/login' successfully

30-01-2024T22:52:35 - [TEST_STEP][PASSED] - setText(findTestObject("Object Repository/login_page_OR/Page_OrangeHRM/input_username"), "Admin"): Text 'Admin' is set on object 'Object Repository/login_page_OR/Page_OrangeHRM/input_username'

30-01-2024T22:52:37 - [MESSAGE][PASSED] - Text 'Admin' is set on object 'Object Repository/login_page_OR/Page_OrangeHRM/input_username'

30-01-2024T22:52:37 - [TEST_STEP][PASSED] - setEncryptedText(findTestObject("Object Repository/login_page_OR/Page_OrangeHRM/input_password"), "hUKwJTbofgPU9eVlw/CnDQ=="): Text ****** has been set on object 'Object Repository/login_page_OR/Page_OrangeHRM/input_password'

30-01-2024T22:52:38 - [MESSAGE][PASSED] - Text ****** has been set on object 'Object Repository/login_page_OR/Page_OrangeHRM/input_password'

30-01-2024T22:52:38 - [TEST_STEP][PASSED] - click(findTestObject("Object Repository/login_page_OR/Page_OrangeHRM/button_Login")): Object: 'Object Repository/login_page_OR/Page_OrangeHRM/button_Login' is clicked on

30-01-2024T22:52:40 - [MESSAGE][PASSED] - Object: 'Object Repository/login_page_OR/Page_OrangeHRM/button_Login' is clicked on

30-01-2024T22:52:40 - [TEST_STEP][PASSED] - closeBrowser(): Browser is closed

30-01-2024T22:52:41 - [MESSAGE][PASSED] - Browser is closed]]></system-out>
         <system-err><![CDATA[]]></system-err>
      </testcase>
      <system-out><![CDATA[30-01-2024T22:52:20 - [TEST_SUITE][PASSED] - DDT_04: Test Cases/TC_ORANGE_HRM_LOGIN_PAGE/TC_validate_login_page]]></system-out>
      <system-err><![CDATA[]]></system-err>
   </testsuite>
</testsuites>
